<?xml version="1.0" encoding="UTF-8"?>
<TestRun id="2ef5ce2f-287d-4cf1-be96-b44af707953f" name="smccarthy@CAMERON 2009-01-25 18:15:04" runUser="CAMERON\smccarthy" xmlns="http://microsoft.com/schemas/VisualStudio/TeamTest/2006">
  <TestRunConfiguration name="Local Test Run" id="c33c086e-1a02-4ada-95da-b9dbc409887c">
    <Description>This is a default test run configuration for a local test run.</Description>
    <Deployment runDeploymentRoot="Z:\unityai-core\TestResults\smccarthy_CAMERON 2009-01-25 18_15_04">
      <DeploymentItem filename="Z:\unityai-core\UnityAI.Core\bin\Debug\UnityAI.Core.dll" />
    </Deployment>
    <TestTypeSpecific />
  </TestRunConfiguration>
  <ResultSummary outcome="Error">
    <Counters total="1" executed="1" error="0" failed="0" timeout="0" aborted="1" inconclusive="0" passedButRunAborted="0" notRunnable="0" notExecuted="0" disconnected="0" warning="0" passed="0" completed="0" inProgress="0" pending="0" />
    <RunInfos>
      <RunInfo computerName="CAMERON" outcome="Error" timestamp="2009-01-25T18:19:56.1829150-07:00">
        <Text>Test host process exited unexpectedly.</Text>
      </RunInfo>
    </RunInfos>
  </ResultSummary>
  <Times creation="2009-01-25T18:15:04.8539050-07:00" queuing="2009-01-25T18:15:07.6183765-07:00" start="2009-01-25T18:15:07.9435510-07:00" finish="2009-01-25T18:19:56.1838915-07:00" />
  <TestDefinitions>
    <UnitTest name="PlanOrderTest" storage="z:\unityai-core\unityai.test\bin\debug\unityai.test.dll" id="e97f8ba9-159c-8778-93a6-01d1077e7a06">
      <Css projectStructure="" iteration="" />
      <Owners>
        <Owner name="" />
      </Owners>
      <Execution id="eda2af21-99f4-4616-a7fc-e35f3319b4b2" />
      <TestMethod codeBase="Z:\unityai-core\UnityAI.Test\bin\Debug\UnityAI.Test.dll" adapterTypeName="Microsoft.VisualStudio.TestTools.TestTypes.Unit.UnitTestAdapter, Microsoft.VisualStudio.QualityTools.Tips.UnitTest.Adapter, Version=9.0.0.0, Culture=neutral, PublicKeyToken=b03f5f7f11d50a3a" className="UnityAI.Test.PartialOrderPlannerTest, UnityAI.Test" name="PlanOrderTest" />
    </UnitTest>
  </TestDefinitions>
  <TestLists>
    <TestList name="Results Not in a List" id="8c84fa94-04c1-424b-9868-57a2d4851a1d" />
    <TestList name="All Loaded Results" id="19431567-8539-422a-85d7-44ee4e166bda" />
  </TestLists>
  <TestEntries>
    <TestEntry testId="e97f8ba9-159c-8778-93a6-01d1077e7a06" executionId="593f03ec-5ccd-4345-a627-bddab242bbfa" testListId="8c84fa94-04c1-424b-9868-57a2d4851a1d" />
  </TestEntries>
  <Results>
    <UnitTestResult executionId="593f03ec-5ccd-4345-a627-bddab242bbfa" testId="e97f8ba9-159c-8778-93a6-01d1077e7a06" testName="PlanOrderTest" computerName="CAMERON" duration="00:04:48.0313695" startTime="2009-01-25T18:15:08.1525220-07:00" endTime="2009-01-25T18:19:56.1838915-07:00" testType="13cdc9d9-ddb5-4fa4-a97d-d965ccfc6d4b" outcome="Aborted" testListId="8c84fa94-04c1-424b-9868-57a2d4851a1d">
    </UnitTestResult>
  </Results>
</TestRun>