<?xml version="1.0" encoding="UTF-8"?>
<TestRun id="0ff03522-0f16-4fbe-aea8-c44922a10afb" name="smccarthy@CAMERON 2009-01-25 17:57:26" runUser="CAMERON\smccarthy" xmlns="http://microsoft.com/schemas/VisualStudio/TeamTest/2006">
  <TestRunConfiguration name="Local Test Run" id="c33c086e-1a02-4ada-95da-b9dbc409887c">
    <Description>This is a default test run configuration for a local test run.</Description>
    <Deployment runDeploymentRoot="Z:\unityai-core\TestResults\smccarthy_CAMERON 2009-01-25 17_57_26">
      <DeploymentItem filename="Z:\unityai-core\UnityAI.Core\bin\Debug\UnityAI.Core.dll" />
    </Deployment>
    <TestTypeSpecific />
  </TestRunConfiguration>
  <ResultSummary outcome="Error">
    <Counters total="1" executed="1" error="0" failed="0" timeout="0" aborted="1" inconclusive="0" passedButRunAborted="0" notRunnable="0" notExecuted="0" disconnected="0" warning="0" passed="0" completed="0" inProgress="0" pending="0" />
    <RunInfos>
      <RunInfo computerName="CAMERON" outcome="Error" timestamp="2009-01-25T17:58:02.7806500-07:00">
        <Text>Test host process exited unexpectedly.</Text>
      </RunInfo>
    </RunInfos>
  </ResultSummary>
  <Times creation="2009-01-25T17:57:26.9977840-07:00" queuing="2009-01-25T17:57:29.7271015-07:00" start="2009-01-25T17:57:30.0766885-07:00" finish="2009-01-25T17:58:02.7816265-07:00" />
  <TestDefinitions>
    <UnitTest name="PlanOrderTest" storage="z:\unityai-core\unityai.test\bin\debug\unityai.test.dll" id="e97f8ba9-159c-8778-93a6-01d1077e7a06">
      <Css projectStructure="" iteration="" />
      <Owners>
        <Owner name="" />
      </Owners>
      <Execution id="eda2af21-99f4-4616-a7fc-e35f3319b4b2" />
      <TestMethod codeBase="Z:\unityai-core\UnityAI.Test\bin\Debug\UnityAI.Test.dll" adapterTypeName="Microsoft.VisualStudio.TestTools.TestTypes.Unit.UnitTestAdapter, Microsoft.VisualStudio.QualityTools.Tips.UnitTest.Adapter, Version=9.0.0.0, Culture=neutral, PublicKeyToken=b03f5f7f11d50a3a" className="UnityAI.Test.PartialOrderPlannerTest, UnityAI.Test" name="PlanOrderTest" />
    </UnitTest>
  </TestDefinitions>
  <TestLists>
    <TestList name="Results Not in a List" id="8c84fa94-04c1-424b-9868-57a2d4851a1d" />
    <TestList name="All Loaded Results" id="19431567-8539-422a-85d7-44ee4e166bda" />
  </TestLists>
  <TestEntries>
    <TestEntry testId="e97f8ba9-159c-8778-93a6-01d1077e7a06" executionId="378953ef-f976-48f0-a7d6-e49731ac46a0" testListId="8c84fa94-04c1-424b-9868-57a2d4851a1d" />
  </TestEntries>
  <Results>
    <UnitTestResult executionId="378953ef-f976-48f0-a7d6-e49731ac46a0" testId="e97f8ba9-159c-8778-93a6-01d1077e7a06" testName="PlanOrderTest" computerName="CAMERON" duration="00:00:32.5096380" startTime="2009-01-25T17:57:30.2719885-07:00" endTime="2009-01-25T17:58:02.7816265-07:00" testType="13cdc9d9-ddb5-4fa4-a97d-d965ccfc6d4b" outcome="Aborted" testListId="8c84fa94-04c1-424b-9868-57a2d4851a1d">
    </UnitTestResult>
  </Results>
</TestRun>