<?xml version="1.0" encoding="UTF-8"?>
<TestRun id="e6f9b33f-3efc-40b4-837d-edec3791e4e9" name="smccarthy@CAMERON 2009-01-25 17:31:24" runUser="CAMERON\smccarthy" xmlns="http://microsoft.com/schemas/VisualStudio/TeamTest/2006">
  <TestRunConfiguration name="Local Test Run" id="c33c086e-1a02-4ada-95da-b9dbc409887c">
    <Description>This is a default test run configuration for a local test run.</Description>
    <Deployment runDeploymentRoot="Z:\unityai-core\TestResults\smccarthy_CAMERON 2009-01-25 17_31_24">
      <DeploymentItem filename="Z:\unityai-core\UnityAI.Core\bin\Debug\UnityAI.Core.dll" />
    </Deployment>
    <TestTypeSpecific />
  </TestRunConfiguration>
  <ResultSummary outcome="Failed">
    <Counters total="1" executed="1" error="0" failed="1" timeout="0" aborted="0" inconclusive="0" passedButRunAborted="0" notRunnable="0" notExecuted="0" disconnected="0" warning="0" passed="0" completed="0" inProgress="0" pending="0" />
  </ResultSummary>
  <Times creation="2009-01-25T17:31:24.3487765-07:00" queuing="2009-01-25T17:31:30.0271240-07:00" start="2009-01-25T17:31:30.5641990-07:00" finish="2009-01-25T17:36:59.9239780-07:00" />
  <TestDefinitions>
    <UnitTest name="PlanOrderTest" storage="z:\unityai-core\unityai.test\bin\debug\unityai.test.dll" id="e97f8ba9-159c-8778-93a6-01d1077e7a06">
      <Css projectStructure="" iteration="" />
      <Owners>
        <Owner name="" />
      </Owners>
      <Execution id="b793068e-1b01-48ad-a12d-a8e4166710d5" />
      <TestMethod codeBase="Z:\unityai-core\UnityAI.Test\bin\Debug\UnityAI.Test.dll" adapterTypeName="Microsoft.VisualStudio.TestTools.TestTypes.Unit.UnitTestAdapter, Microsoft.VisualStudio.QualityTools.Tips.UnitTest.Adapter, Version=9.0.0.0, Culture=neutral, PublicKeyToken=b03f5f7f11d50a3a" className="UnityAI.Test.PartialOrderPlannerTest, UnityAI.Test" name="PlanOrderTest" />
    </UnitTest>
  </TestDefinitions>
  <TestLists>
    <TestList name="Results Not in a List" id="8c84fa94-04c1-424b-9868-57a2d4851a1d" />
    <TestList name="All Loaded Results" id="19431567-8539-422a-85d7-44ee4e166bda" />
  </TestLists>
  <TestEntries>
    <TestEntry testId="e97f8ba9-159c-8778-93a6-01d1077e7a06" executionId="b793068e-1b01-48ad-a12d-a8e4166710d5" testListId="8c84fa94-04c1-424b-9868-57a2d4851a1d" />
  </TestEntries>
  <Results>
    <UnitTestResult executionId="b793068e-1b01-48ad-a12d-a8e4166710d5" testId="e97f8ba9-159c-8778-93a6-01d1077e7a06" testName="PlanOrderTest" computerName="CAMERON" duration="00:05:29.0580269" startTime="2009-01-25T17:31:30.7800055-07:00" endTime="2009-01-25T17:36:59.4835765-07:00" testType="13cdc9d9-ddb5-4fa4-a97d-d965ccfc6d4b" outcome="Failed" testListId="8c84fa94-04c1-424b-9868-57a2d4851a1d">
      <Output>
        <ErrorInfo>
          <Message>Test method UnityAI.Test.PartialOrderPlannerTest.PlanOrderTest threw exception:  System.NullReferenceException: Object reference not set to an instance of an object..</Message>
          <StackTrace>    at UnityAI.Core.PartialOrderPlan..ctor(IEnumerable`1 voInitState, IEnumerable`1 voGoalState) in Z:\unityai-core\UnityAI.Core\Planning\PlanningObjects\PartialOrderPlan.cs:line 64
   at UnityAI.Core.PartialOrderPlanner.PlanOrder(IEnumerable`1 voInitialState, IEnumerable`1 voGoalState) in Z:\unityai-core\UnityAI.Core\Planning\PlanningObjects\PartialOrderPlanner.cs:line 42
   at UnityAI.Test.PartialOrderPlannerTest.PlanOrderTest() in Z:\unityai-core\UnityAI.Test\PartialOrderPlannerTest.cs:line 92
</StackTrace>
        </ErrorInfo>
      </Output>
    </UnitTestResult>
  </Results>
</TestRun>